app/build/outputs/logs/manifest-merger-debug-report.txt
-- Merging decision tree log ---
manifest
ADDED from src\main\AndroidManifest.xml:2:1-24:12
INJECTED from src\main\AndroidManifest.xml:2:1-24:12
INJECTED from src\main\AndroidManifest.xml:2:1-24:12
INJECTED from src\main\AndroidManifest.xml:2:1-24:12
INJECTED from src\main\AndroidManifest.xml:2:1-24:12
INJECTED from src\main\AndroidManifest.xml:2:1-24:12
INJECTED from src\main\AndroidManifest.xml:2:1-24:12
	package
		ADDED from src\main\AndroidManifest.xml:3:7-47
		INJECTED from src\main\AndroidManifest.xml
		INJECTED from src\main\AndroidManifest.xml
	android:versionName
		ADDED from src\main\AndroidManifest.xml:5:7-32
		INJECTED from src\main\AndroidManifest.xml
		INJECTED from src\main\AndroidManifest.xml
	xmlns:android
		ADDED from src\main\AndroidManifest.xml:2:11-69
	android:versionCode
		ADDED from src\main\AndroidManifest.xml:4:7-30
		INJECTED from src\main\AndroidManifest.xml
		INJECTED from src\main\AndroidManifest.xml
application
ADDED from src\main\AndroidManifest.xml:6:5-21:19
	android:label
		ADDED from src\main\AndroidManifest.xml:6:18-50
	android:icon
		ADDED from src\main\AndroidManifest.xml:6:51-80
activity#com.flether.android.tangshi300.BookCover
ADDED from src\main\AndroidManifest.xml:7:14-12:20
	android:screenOrientation
		ADDED from src\main\AndroidManifest.xml:7:50-86
	android:name
		ADDED from src\main\AndroidManifest.xml:7:24-49
intent-filter#action:name:android.intent.action.MAIN+category:name:android.intent.category.LAUNCHER
ADDED from src\main\AndroidManifest.xml:8:14-11:29
action#android.intent.action.MAIN
ADDED from src\main\AndroidManifest.xml:9:17-69
	android:name
		ADDED from src\main\AndroidManifest.xml:9:25-66
category#android.intent.category.LAUNCHER
ADDED from src\main\AndroidManifest.xml:10:17-77
	android:name
		ADDED from src\main\AndroidManifest.xml:10:27-74
activity#com.flether.android.tangshi300.MainPage
ADDED from src\main\AndroidManifest.xml:14:9-82
	android:screenOrientation
		ADDED from src\main\AndroidManifest.xml:14:44-80
	android:name
		ADDED from src\main\AndroidManifest.xml:14:19-43
activity#com.flether.android.tangshi300.PoemPage
ADDED from src\main\AndroidManifest.xml:15:9-82
	android:screenOrientation
		ADDED from src\main\AndroidManifest.xml:15:44-80
	android:name
		ADDED from src\main\AndroidManifest.xml:15:19-43
activity#com.flether.android.tangshi300.ImagePage
ADDED from src\main\AndroidManifest.xml:16:9-83
	android:screenOrientation
		ADDED from src\main\AndroidManifest.xml:16:45-81
	android:name
		ADDED from src\main\AndroidManifest.xml:16:19-44
activity#com.flether.android.tangshi300.PoetPage
ADDED from src\main\AndroidManifest.xml:17:9-82
	android:screenOrientation
		ADDED from src\main\AndroidManifest.xml:17:44-80
	android:name
		ADDED from src\main\AndroidManifest.xml:17:19-43
activity#com.flether.android.tangshi300.PrePage
ADDED from src\main\AndroidManifest.xml:18:9-81
	android:screenOrientation
		ADDED from src\main\AndroidManifest.xml:18:43-79
	android:name
		ADDED from src\main\AndroidManifest.xml:18:19-42
activity#com.flether.android.tangshi300.InfoPage
ADDED from src\main\AndroidManifest.xml:19:9-82
	android:screenOrientation
		ADDED from src\main\AndroidManifest.xml:19:44-80
	android:name
		ADDED from src\main\AndroidManifest.xml:19:19-43
uses-permission#android.permission.READ_EXTERNAL_STORAGE
ADDED from src\main\AndroidManifest.xml:22:5-79
	android:name
		ADDED from src\main\AndroidManifest.xml:22:22-77
uses-permission#android.permission.WRITE_EXTERNAL_STORAGE
ADDED from src\main\AndroidManifest.xml:23:5-80
	android:name
		ADDED from src\main\AndroidManifest.xml:23:22-78
uses-sdk
INJECTED from src\main\AndroidManifest.xml reason: use-sdk injection requested
INJECTED from src\main\AndroidManifest.xml
INJECTED from src\main\AndroidManifest.xml
INJECTED from src\main\AndroidManifest.xml
INJECTED from src\main\AndroidManifest.xml
	android:targetSdkVersion
		INJECTED from src\main\AndroidManifest.xml
		ADDED from src\main\AndroidManifest.xml
		INJECTED from src\main\AndroidManifest.xml
	android:minSdkVersion
		INJECTED from src\main\AndroidManifest.xml
		ADDED from src\main\AndroidManifest.xml
		INJECTED from src\main\AndroidManifest.xml